<?xml version="1.0" encoding="UTF-8"?>
<!-- Generated by org.testng.reporters.JUnitXMLReporter -->
<testsuite ignored="8" hostname="ASN69" failures="0" tests="0" name="Test" time="0.012" errors="0" timestamp="2023-01-05T17:38:15 EST">
  <testcase classname="base.BaseClass" name="@BeforeSuite initiatinExtentReport" time="0.0">
    <ignored/>
  </testcase> <!-- @BeforeSuite initiatinExtentReport -->
  <testcase classname="home.HomeTest" name="AutoQuote3" time="0.0">
    <ignored/>
  </testcase> <!-- AutoQuote3 -->
  <testcase classname="base.BaseClass" name="@AfterSuite closeReport" time="0.0">
    <ignored/>
  </testcase> <!-- @AfterSuite closeReport -->
  <testcase classname="base.BaseClass" name="@BeforeSuite initiatinExtentReport" time="0.0">
    <ignored/>
  </testcase> <!-- @BeforeSuite initiatinExtentReport -->
  <testcase classname="base.BaseClass" name="@BeforeSuite initiatinExtentReport" time="0.0">
    <ignored/>
  </testcase> <!-- @BeforeSuite initiatinExtentReport -->
  <testcase classname="home.HomeTest" name="bAutoTest" time="0.0">
    <ignored/>
  </testcase> <!-- bAutoTest -->
  <testcase classname="base.BaseClass" name="@AfterSuite closeReport" time="0.0">
    <ignored/>
  </testcase> <!-- @AfterSuite closeReport -->
  <testcase classname="base.BaseClass" name="@AfterSuite closeReport" time="0.0">
    <ignored/>
  </testcase> <!-- @AfterSuite closeReport -->
</testsuite> <!-- Test -->
